[90m2024-11-02T23:25:51.206Z[39m [32mDEBUG[39m [97m@wdio/browserstack-service[39m Sending SDK event with data {
  userName: 'honeyabhilash_6DORhw',
  accessKey: 'Lxhe3TzYFwzqRvxWsAii',
  event_type: 'SDKTestAttempted',
  detectedFramework: 'WebdriverIO-mocha',
  event_properties: {
    language_framework: 'WebdriverIO_mocha',
    referrer: 'WebdriverIO-mocha/9.2.6',
    language: 'WebdriverIO',
    languageVersion: 'v20.18.0',
    buildName: 'undefined',
    buildIdentifier: 'undefined',
    os: 'Windows_NT',
    hostname: 'DESKTOP-U6UTH74',
    productMap: {
      observability: true,
      accessibility: false,
      percy: false,
      automate: true,
      app_automate: false
    },
    product: [ 'observability', 'automate' ]
  }
}
[90m2024-11-02T23:25:51.664Z[39m [32mDEBUG[39m [97m@wdio/browserstack-service[39m Funnel Event Response: "{\"message\":\"SDK Event recorded successfully\"}"
[90m2024-11-02T23:25:51.664Z[39m [32mDEBUG[39m [97m@wdio/browserstack-service[39m Funnel event success
[90m2024-11-02T23:25:51.665Z[39m [32mDEBUG[39m [97m@wdio/browserstack-service[39m app is not defined in browserstack-service config, skipping ...
[90m2024-11-02T23:25:51.666Z[39m [32mDEBUG[39m [97m@wdio/browserstack-service[39m Sending launch start event
[90m2024-11-02T23:25:52.283Z[39m [32mDEBUG[39m [97m@wdio/browserstack-service[39m [Start_Build] Success response: {"build_hashed_id":"tle7gxd6ag5dpidb30q4tpvcugyjuzwsoidaxcjf","jwt":"eyJhbGciOiJIUzI1NiJ9.eyJpc3MiOiJicm93c2Vyc3RhY2tfb2IiLCJzdWIiOiI5MDcxMDg0IiwiZ3JvdXBfaWQiOjg5ODIwMjcsInVzZXJfaWQiOjkwNzEwODQsImJ1aWxkX2hhc2hlZF9pZCI6InRsZTdneGQ2YWc1ZHBpZGIzMHE0dHB2Y3VneWp1endzb2lkYXhjamYiLCJob29rX2FzX3Rlc3QiOiIxIiwiYnVpbGRfbmFtZSI6Imh3ZCIsInByb2R1Y3RfbWFwIjoie1wib2JzZXJ2YWJpbGl0eVwiOnRydWUsXCJvcmlnaW5Gcm9tUHJvZHVjdE1hcFwiOlwiVW5rbm93bkdyaWRcIixcImJzdGFja0F1dG9tYXRpb25cIjpmYWxzZSxcImNhZFwiOnRydWV9IiwiZ3JyX3JlZ2lvbiI6IiIsInNpZ25pbmdfa2V5X2hhc2giOiI3ZGY2ZTY4M2M2NzA5MWI2YmNhYjQ5NWUzZjdmMmFhMTY5Yzc1ZjMxZmJhZmE1MGY0NzAyNGM4MWI5ZTcwNTNkIiwiaWF0IjoxNzMwNTg5OTUxLCJleHAiOjE3MzA5MzU1NTF9.FOTinOF7BAptkXmx7Z_MOwphBxvAOwUWj1WvnzhLX_g","allow_screenshots":true}
[90m2024-11-02T23:25:52.284Z[39m [96mINFO[39m [97m@wdio/browserstack-service[39m browserstackLocal is not enabled - skipping...
[90m2024-11-02T23:26:19.049Z[39m [32mDEBUG[39m [97m@wdio/browserstack-service[39m Requesting Browserstack session URL at https://api-cloud.browserstack.com/app-automate/sessions/e5e027b0f5a910ed4878a7c7bbd200e102bdfd10.json
[90m2024-11-02T23:26:19.526Z[39m [96mINFO[39m [97m@wdio/browserstack-service[39m  session: https://app-automate.browserstack.com/builds/18eb57956fbebdb534598a697b6fdc9367e15b7e/sessions/e5e027b0f5a910ed4878a7c7bbd200e102bdfd10
[90m2024-11-02T23:26:19.543Z[39m [96mINFO[39m [97m@wdio/browserstack-service[39m Update job with sessionId e5e027b0f5a910ed4878a7c7bbd200e102bdfd10
[90m2024-11-02T23:26:19.544Z[39m [32mDEBUG[39m [97m@wdio/browserstack-service[39m Updating Browserstack session at https://api-cloud.browserstack.com/app-automate/sessions/e5e027b0f5a910ed4878a7c7bbd200e102bdfd10.json with request body: 
[90m2024-11-02T23:26:19.935Z[39m [96mINFO[39m [97m@wdio/browserstack-service[39m Update job with sessionId e5e027b0f5a910ed4878a7c7bbd200e102bdfd10
[90m2024-11-02T23:26:19.935Z[39m [32mDEBUG[39m [97m@wdio/browserstack-service[39m Updating Browserstack session at https://api-cloud.browserstack.com/app-automate/sessions/e5e027b0f5a910ed4878a7c7bbd200e102bdfd10.json with request body: 
[90m2024-11-02T23:26:20.278Z[39m [32mDEBUG[39m [97m@wdio/browserstack-service[39m Added data to request queue. Queue length = 1
[90m2024-11-02T23:26:20.442Z[39m [32mDEBUG[39m [97m@wdio/browserstack-service[39m Added data to request queue. Queue length = 2
[90m2024-11-02T23:26:21.883Z[39m [32mDEBUG[39m [97m@wdio/browserstack-service[39m Added data to request queue. Queue length = 3
[90m2024-11-02T23:26:22.000Z[39m [32mDEBUG[39m [97m@wdio/browserstack-service[39m Added data to request queue. Queue length = 4
[90m2024-11-02T23:26:22.292Z[39m [32mDEBUG[39m [97m@wdio/browserstack-service[39m Sending data from request queue. Data length = 4, Queue length after removal = 0
[90m2024-11-02T23:26:22.293Z[39m [32mDEBUG[39m [97m@wdio/browserstack-service[39m calling callback with kind INTERVAL_QUEUE
[90m2024-11-02T23:26:22.293Z[39m [32mDEBUG[39m [97m@wdio/browserstack-service[39m callback: called with events 4
[90m2024-11-02T23:26:22.666Z[39m [32mDEBUG[39m [97m@wdio/browserstack-service[39m [BATCH_DATA] Success response: {"success":true}
[90m2024-11-02T23:26:22.666Z[39m [32mDEBUG[39m [97m@wdio/browserstack-service[39m callback: marking events success 4
[90m2024-11-02T23:26:23.514Z[39m [32mDEBUG[39m [97m@wdio/browserstack-service[39m Added data to request queue. Queue length = 1
[90m2024-11-02T23:26:24.303Z[39m [32mDEBUG[39m [97m@wdio/browserstack-service[39m Sending data from request queue. Data length = 1, Queue length after removal = 0
[90m2024-11-02T23:26:24.303Z[39m [32mDEBUG[39m [97m@wdio/browserstack-service[39m calling callback with kind INTERVAL_QUEUE
[90m2024-11-02T23:26:24.303Z[39m [32mDEBUG[39m [97m@wdio/browserstack-service[39m callback: called with events 1
[90m2024-11-02T23:26:24.536Z[39m [32mDEBUG[39m [97m@wdio/browserstack-service[39m [BATCH_DATA] Success response: {"success":true}
[90m2024-11-02T23:26:24.536Z[39m [32mDEBUG[39m [97m@wdio/browserstack-service[39m callback: marking events success 1
[90m2024-11-02T23:26:25.534Z[39m [32mDEBUG[39m [97m@wdio/browserstack-service[39m Added data to request queue. Queue length = 1
[90m2024-11-02T23:26:25.535Z[39m [32mDEBUG[39m [97m@wdio/browserstack-service[39m Accessibility after test hook. Before sending test stop event
[90m2024-11-02T23:26:25.538Z[39m [96mINFO[39m [97m@wdio/browserstack-service[39m Update job with sessionId e5e027b0f5a910ed4878a7c7bbd200e102bdfd10
[90m2024-11-02T23:26:25.539Z[39m [32mDEBUG[39m [97m@wdio/browserstack-service[39m Updating Browserstack session at https://api-cloud.browserstack.com/app-automate/sessions/e5e027b0f5a910ed4878a7c7bbd200e102bdfd10.json with request body: 
[90m2024-11-02T23:26:26.072Z[39m [32mDEBUG[39m [97m@wdio/browserstack-service[39m teardown started
[90m2024-11-02T23:26:26.072Z[39m [32mDEBUG[39m [97m@wdio/browserstack-service[39m shutdown started
[90m2024-11-02T23:26:26.072Z[39m [32mDEBUG[39m [97m@wdio/browserstack-service[39m Shutting down request queue
[90m2024-11-02T23:26:26.072Z[39m [32mDEBUG[39m [97m@wdio/browserstack-service[39m calling callback with kind SHUTDOWN_QUEUE
[90m2024-11-02T23:26:26.072Z[39m [32mDEBUG[39m [97m@wdio/browserstack-service[39m callback: called with events 1
[90m2024-11-02T23:26:26.191Z[39m [32mDEBUG[39m [97m@wdio/browserstack-service[39m [BATCH_DATA] Success response: {"success":true}
[90m2024-11-02T23:26:26.191Z[39m [32mDEBUG[39m [97m@wdio/browserstack-service[39m callback: marking events success 1
[90m2024-11-02T23:26:26.191Z[39m [32mDEBUG[39m [97m@wdio/browserstack-service[39m shutdown ended
[90m2024-11-02T23:26:26.191Z[39m [32mDEBUG[39m [97m@wdio/browserstack-service[39m teardown ended
[90m2024-11-02T23:26:26.995Z[39m [32mDEBUG[39m [97m@wdio/browserstack-service[39m Added data to request queue. Queue length = 1
[90m2024-11-02T23:26:26.995Z[39m [32mDEBUG[39m [97m@wdio/browserstack-service[39m Force request-queue shutdown, as test run event is received after teardown
[90m2024-11-02T23:26:26.995Z[39m [32mDEBUG[39m [97m@wdio/browserstack-service[39m Sending data from request queue. Data length = 1, Queue length after removal = 0
[90m2024-11-02T23:26:26.995Z[39m [32mDEBUG[39m [97m@wdio/browserstack-service[39m calling callback with kind INTERVAL_QUEUE
[90m2024-11-02T23:26:26.995Z[39m [32mDEBUG[39m [97m@wdio/browserstack-service[39m callback: called with events 1
[90m2024-11-02T23:26:27.112Z[39m [32mDEBUG[39m [97m@wdio/browserstack-service[39m [BATCH_DATA] Success response: {"success":true}
[90m2024-11-02T23:26:27.112Z[39m [32mDEBUG[39m [97m@wdio/browserstack-service[39m callback: marking events success 1
[90m2024-11-02T23:26:27.192Z[39m [32mDEBUG[39m [97m@wdio/browserstack-service[39m Inside OnComplete hook..
[90m2024-11-02T23:26:27.192Z[39m [32mDEBUG[39m [97m@wdio/browserstack-service[39m Sending stop launch event
[90m2024-11-02T23:26:27.813Z[39m [32mDEBUG[39m [97m@wdio/browserstack-service[39m [STOP_BUILD] Success response: 
[90m2024-11-02T23:26:27.816Z[39m [32mDEBUG[39m [97m@wdio/browserstack-service[39m Reading worker file worker-data-26960.json
[90m2024-11-02T23:26:27.825Z[39m [32mDEBUG[39m [97m@wdio/browserstack-service[39m Sending SDK event with data {
  userName: 'honeyabhilash_6DORhw',
  accessKey: 'Lxhe3TzYFwzqRvxWsAii',
  event_type: 'SDKTestSuccessful',
  detectedFramework: 'WebdriverIO-mocha',
  event_properties: {
    language_framework: 'WebdriverIO_mocha',
    referrer: 'WebdriverIO-mocha/9.2.6',
    language: 'WebdriverIO',
    languageVersion: 'v20.18.0',
    buildName: 'undefined',
    buildIdentifier: 'undefined',
    os: 'Windows_NT',
    hostname: 'DESKTOP-U6UTH74',
    productMap: {
      observability: true,
      accessibility: false,
      percy: false,
      automate: true,
      app_automate: false
    },
    product: [ 'observability', 'automate' ],
    productUsage: {
      testObservability: {
        enabled: true,
        manuallySet: false,
        buildHashedId: 'tle7gxd6ag5dpidb30q4tpvcugyjuzwsoidaxcjf',
        events: {
          buildEvents: {
            started: { isTriggered: true, status: 'success', error: undefined },
            finished: { isTriggered: true, status: 'success', error: undefined }
          },
          testEvents: {
            started: { triggeredCount: 1, sentCount: 1, failedCount: 0 },
            finished: { triggeredCount: 1, sentCount: 1, failedCount: 0 },
            passed: { triggeredCount: 1, sentCount: 1, failedCount: 0 }
          },
          hookEvents: {
            started: { triggeredCount: 0, sentCount: 0, failedCount: 0 },
            finished: { triggeredCount: 0, sentCount: 0, failedCount: 0 }
          },
          logEvents: {
            triggeredCount: 4,
            sentCount: 4,
            failedCount: 0,
            http: { triggeredCount: 4, sentCount: 4, failedCount: 0 }
          },
          cbtSessionEvents: { triggeredCount: 0, sentCount: 0, failedCount: 0 }
        }
      }
    }
  }
}
[90m2024-11-02T23:26:28.224Z[39m [32mDEBUG[39m [97m@wdio/browserstack-service[39m Funnel Event Response: "{\"message\":\"SDK Event recorded successfully\"}"
[90m2024-11-02T23:26:28.225Z[39m [32mDEBUG[39m [97m@wdio/browserstack-service[39m Funnel event success
[90m2024-11-02T23:26:28.237Z[39m [32mDEBUG[39m [97m@wdio/browserstack-service[39m Failed to fire api request due to TypeError: fetch failed - TypeError: fetch failed
    at node:internal/deps/undici/undici:13185:13
    at process.processTicksAndRejections (node:internal/process/task_queues:95:5)
    at async nodeRequest (file:///C:/Users/USER/hwd/node_modules/@wdio/browserstack-service/build/index.js:880:22)
    at async uploadLogs (file:///C:/Users/USER/hwd/node_modules/@wdio/browserstack-service/build/index.js:1808:20)
    at async BrowserstackLauncherService._uploadServiceLogs (file:///C:/Users/USER/hwd/node_modules/@wdio/browserstack-service/build/index.js:3327:22)
    at async BrowserstackLauncherService.onComplete (file:///C:/Users/USER/hwd/node_modules/@wdio/browserstack-service/build/index.js:3203:7)
    at async file:///C:/Users/USER/hwd/node_modules/@wdio/cli/build/index.js:1207:9
    at async Promise.all (index 0)
    at async Launcher.run (file:///C:/Users/USER/hwd/node_modules/@wdio/cli/build/index.js:2198:7)
    at async Module.run (file:///C:/Users/USER/hwd/node_modules/@wdio/cli/build/index.js:3214:16)
[90m2024-11-02T23:26:28.238Z[39m [32mDEBUG[39m [97m@wdio/browserstack-service[39m Response - undefined
